\BOOKMARK [0][-]{bm:Title.0}{Title Page}{}% 1
\BOOKMARK [0][-]{bm:Copyright.0}{Copyright}{}% 2
\BOOKMARK [0][-]{bm:ComAp.0}{Graduate Committee Approval}{}% 3
\BOOKMARK [-1][-]{section*.1}{ACKNOWLEDGMENT}{}% 4
\BOOKMARK [0][-]{bm:Acknowledge.0}{Acknowledgments}{section*.1}% 5
\BOOKMARK [-1][-]{section*.2}{ABSTRACT}{}% 6
\BOOKMARK [0][-]{bm:Abstract.0}{Abstract}{section*.2}% 7
\BOOKMARK [-1][-]{section*.3}{LIST OF TABLES}{}% 8
\BOOKMARK [-1][-]{section*.5}{LIST OF FIGURES}{}% 9
\BOOKMARK [0][-]{bm:Dedicate.0}{Dedication Page}{section*.5}% 10
\BOOKMARK [0][-]{chapter.1}{1 SOME FORMATTING EXAMPLES}{section*.5}% 11
\BOOKMARK [1][-]{section.1.1}{1.1 Chapter one tittle section}{chapter.1}% 12
\BOOKMARK [2][-]{subsection.1.1.1}{1.1.1 Subsection of section - double quotes}{section.1.1}% 13
\BOOKMARK [2][-]{subsection.1.1.2}{1.1.2 Another subsection of section - citations}{section.1.1}% 14
\BOOKMARK [1][-]{section.1.2}{1.2 Another section}{chapter.1}% 15
\BOOKMARK [1][-]{section.1.3}{1.3 Another section}{chapter.1}% 16
\BOOKMARK [0][-]{chapter.2}{2 LINKS}{section*.5}% 17
\BOOKMARK [1][-]{section.2.1}{2.1 Chapter one tittle section - links examples}{chapter.2}% 18
\BOOKMARK [2][-]{subsection.2.1.1}{2.1.1 Subsection title - more links examples}{section.2.1}% 19
\BOOKMARK [1][-]{section.2.2}{2.2 Another Section}{chapter.2}% 20
\BOOKMARK [2][-]{subsection.2.2.1}{2.2.1 Subsection title}{section.2.2}% 21
\BOOKMARK [0][-]{chapter.3}{3 MATHEMATICS NOTATION}{section*.5}% 22
\BOOKMARK [1][-]{section.3.1}{3.1 Some Math Stuff}{chapter.3}% 23
\BOOKMARK [1][-]{section.3.2}{3.2 Math equation}{chapter.3}% 24
\BOOKMARK [1][-]{section.3.3}{3.3 Chapter section}{chapter.3}% 25
\BOOKMARK [1][-]{section.3.4}{3.4 Chapter section}{chapter.3}% 26
\BOOKMARK [0][-]{chapter.4}{4 FIGURES AND TABLES}{section*.5}% 27
\BOOKMARK [1][-]{section.4.1}{4.1 Examples of a figure}{chapter.4}% 28
\BOOKMARK [1][-]{section.4.2}{4.2 Example of a table}{chapter.4}% 29
\BOOKMARK [1][-]{section.4.3}{4.3 Chapter section}{chapter.4}% 30
\BOOKMARK [-1][-]{section.4.3}{REFERENCES}{}% 31
\BOOKMARK [0][-]{bm:APPENDIX.0}{Appendix}{section.4.3}% 32
\BOOKMARK [0][-]{appendix.A}{A }{section.4.3}% 33
\BOOKMARK [0][-]{appendix.B}{B }{section.4.3}% 34
\BOOKMARK [0][-]{appendix.C}{C }{section.4.3}% 35
\BOOKMARK [0][-]{appendix.D}{D }{section.4.3}% 36
\BOOKMARK [0][-]{appendix.E}{E }{section.4.3}% 37
